# JRE version: Java(TM) SE Runtime Environment (8.0_171-b11) (build 1.8.0_171-b11)
# Java VM: Java HotSpot(TM) 64-Bit Server VM (25.171-b11 mixed mode windows-amd64 compressed oops)
Heap:
 PSYoungGen      total 32256K, used 1213K [0x00000000fd580000, 0x0000000100000000, 0x0000000100000000)
  eden space 20480K, 5% used [0x00000000fd580000,0x00000000fd6af450,0x00000000fe980000)
  from space 11776K, 0% used [0x00000000ff480000,0x00000000ff480000,0x0000000100000000)
  to   space 11264K, 0% used [0x00000000fe980000,0x00000000fe980000,0x00000000ff480000)
 ParOldGen       total 87552K, used 4901K [0x00000000f8000000, 0x00000000fd580000, 0x00000000fd580000)
  object space 87552K, 5% used [0x00000000f8000000,0x00000000f84c9570,0x00000000fd580000)
 Metaspace       used 20056K, capacity 20718K, committed 21120K, reserved 1071104K
  class space    used 2674K, capacity 2852K, committed 2944K, reserved 1048576K
GC Heap History (10 events):
Event: 5.989 GC heap before
{Heap before GC invocations=19 (full 7):
 PSYoungGen      total 31744K, used 0K [0x00000000fd580000, 0x0000000100000000, 0x0000000100000000)
  eden space 19968K, 0% used [0x00000000fd580000,0x00000000fd580000,0x00000000fe900000)
  from space 11776K, 0% used [0x00000000ff480000,0x00000000ff480000,0x0000000100000000)
  to   space 11776K, 0% used [0x00000000fe900000,0x00000000fe900000,0x00000000ff480000)
 ParOldGen       total 87552K, used 4483K [0x00000000f8000000, 0x00000000fd580000, 0x00000000fd580000)
  object space 87552K, 5% used [0x00000000f8000000,0x00000000f8460df0,0x00000000fd580000)
 Metaspace       used 19724K, capacity 20274K, committed 20480K, reserved 1073152K
  class space    used 2607K, capacity 2768K, committed 2816K, reserved 1048576K
Event: 6.000 GC heap after
Heap after GC invocations=19 (full 7):
 PSYoungGen      total 31744K, used 0K [0x00000000fd580000, 0x0000000100000000, 0x0000000100000000)
  eden space 19968K, 0% used [0x00000000fd580000,0x00000000fd580000,0x00000000fe900000)
  from space 11776K, 0% used [0x00000000ff480000,0x00000000ff480000,0x0000000100000000)
  to   space 11776K, 0% used [0x00000000fe900000,0x00000000fe900000,0x00000000ff480000)
 ParOldGen       total 87552K, used 4482K [0x00000000f8000000, 0x00000000fd580000, 0x00000000fd580000)
  object space 87552K, 5% used [0x00000000f8000000,0x00000000f8460880,0x00000000fd580000)
 Metaspace       used 19724K, capacity 20274K, committed 20480K, reserved 1069056K
  class space    used 2607K, capacity 2768K, committed 2816K, reserved 1048576K
}
Event: 6.000 GC heap before
{Heap before GC invocations=20 (full 7):
 PSYoungGen      total 31744K, used 0K [0x00000000fd580000, 0x0000000100000000, 0x0000000100000000)
  eden space 19968K, 0% used [0x00000000fd580000,0x00000000fd580018,0x00000000fe900000)
  from space 11776K, 0% used [0x00000000ff480000,0x00000000ff480000,0x0000000100000000)
  to   space 11776K, 0% used [0x00000000fe900000,0x00000000fe900000,0x00000000ff480000)
 ParOldGen       total 87552K, used 4482K [0x00000000f8000000, 0x00000000fd580000, 0x00000000fd580000)
  object space 87552K, 5% used [0x00000000f8000000,0x00000000f8460880,0x00000000fd580000)
 Metaspace       used 19724K, capacity 20274K, committed 20480K, reserved 1075200K
  class space    used 2607K, capacity 2768K, committed 2816K, reserved 1048576K
Event: 6.001 GC heap after
Heap after GC invocations=20 (full 7):
 PSYoungGen      total 31744K, used 32K [0x00000000fd580000, 0x0000000100000000, 0x0000000100000000)
  eden space 19968K, 0% used [0x00000000fd580000,0x00000000fd580000,0x00000000fe900000)
  from space 11776K, 0% used [0x00000000fe900000,0x00000000fe908000,0x00000000ff480000)
  to   space 11776K, 0% used [0x00000000ff480000,0x00000000ff480000,0x0000000100000000)
 ParOldGen       total 87552K, used 4482K [0x00000000f8000000, 0x00000000fd580000, 0x00000000fd580000)
  object space 87552K, 5% used [0x00000000f8000000,0x00000000f8460880,0x00000000fd580000)
 Metaspace       used 19724K, capacity 20274K, committed 20480K, reserved 1075200K
  class space    used 2607K, capacity 2768K, committed 2816K, reserved 1048576K
}
Event: 6.001 GC heap before
{Heap before GC invocations=21 (full 8):
 PSYoungGen      total 31744K, used 32K [0x00000000fd580000, 0x0000000100000000, 0x0000000100000000)
  eden space 19968K, 0% used [0x00000000fd580000,0x00000000fd580000,0x00000000fe900000)
  from space 11776K, 0% used [0x00000000fe900000,0x00000000fe908000,0x00000000ff480000)
  to   space 11776K, 0% used [0x00000000ff480000,0x00000000ff480000,0x0000000100000000)
 ParOldGen       total 87552K, used 4482K [0x00000000f8000000, 0x00000000fd580000, 0x00000000fd580000)
  object space 87552K, 5% used [0x00000000f8000000,0x00000000f8460880,0x00000000fd580000)
 Metaspace       used 19724K, capacity 20274K, committed 20480K, reserved 1075200K
  class space    used 2607K, capacity 2768K, committed 2816K, reserved 1048576K
Event: 6.014 GC heap after
Heap after GC invocations=21 (full 8):
 PSYoungGen      total 31744K, used 0K [0x00000000fd580000, 0x0000000100000000, 0x0000000100000000)
  eden space 19968K, 0% used [0x00000000fd580000,0x00000000fd580000,0x00000000fe900000)
  from space 11776K, 0% used [0x00000000fe900000,0x00000000fe900000,0x00000000ff480000)
  to   space 11776K, 0% used [0x00000000ff480000,0x00000000ff480000,0x0000000100000000)
 ParOldGen       total 87552K, used 4474K [0x00000000f8000000, 0x00000000fd580000, 0x00000000fd580000)
  object space 87552K, 5% used [0x00000000f8000000,0x00000000f845ebd8,0x00000000fd580000)
 Metaspace       used 19724K, capacity 20274K, committed 20480K, reserved 1069056K
  class space    used 2607K, capacity 2768K, committed 2816K, reserved 1048576K
}
Event: 6.052 GC heap before
{Heap before GC invocations=22 (full 8):
 PSYoungGen      total 31744K, used 6660K [0x00000000fd580000, 0x0000000100000000, 0x0000000100000000)
  eden space 19968K, 33% used [0x00000000fd580000,0x00000000fdc011f8,0x00000000fe900000)
  from space 11776K, 0% used [0x00000000fe900000,0x00000000fe900000,0x00000000ff480000)
  to   space 11776K, 0% used [0x00000000ff480000,0x00000000ff480000,0x0000000100000000)
 ParOldGen       total 87552K, used 4474K [0x00000000f8000000, 0x00000000fd580000, 0x00000000fd580000)
  object space 87552K, 5% used [0x00000000f8000000,0x00000000f845ebd8,0x00000000fd580000)
 Metaspace       used 20006K, capacity 20614K, committed 20864K, reserved 1075200K
  class space    used 2663K, capacity 2818K, committed 2944K, reserved 1048576K
Event: 6.053 GC heap after
Heap after GC invocations=22 (full 8):
 PSYoungGen      total 32256K, used 640K [0x00000000fd580000, 0x0000000100000000, 0x0000000100000000)
  eden space 20480K, 0% used [0x00000000fd580000,0x00000000fd580000,0x00000000fe980000)
  from space 11776K, 5% used [0x00000000ff480000,0x00000000ff520000,0x0000000100000000)
  to   space 11264K, 0% used [0x00000000fe980000,0x00000000fe980000,0x00000000ff480000)
 ParOldGen       total 87552K, used 4482K [0x00000000f8000000, 0x00000000fd580000, 0x00000000fd580000)
  object space 87552K, 5% used [0x00000000f8000000,0x00000000f8460bd8,0x00000000fd580000)
 Metaspace       used 20006K, capacity 20614K, committed 20864K, reserved 1075200K
  class space    used 2663K, capacity 2818K, committed 2944K, reserved 1048576K
}
Event: 6.053 GC heap before
{Heap before GC invocations=23 (full 9):
 PSYoungGen      total 32256K, used 640K [0x00000000fd580000, 0x0000000100000000, 0x0000000100000000)
  eden space 20480K, 0% used [0x00000000fd580000,0x00000000fd580000,0x00000000fe980000)
  from space 11776K, 5% used [0x00000000ff480000,0x00000000ff520000,0x0000000100000000)
  to   space 11264K, 0% used [0x00000000fe980000,0x00000000fe980000,0x00000000ff480000)
 ParOldGen       total 87552K, used 4482K [0x00000000f8000000, 0x00000000fd580000, 0x00000000fd580000)
  object space 87552K, 5% used [0x00000000f8000000,0x00000000f8460bd8,0x00000000fd580000)
 Metaspace       used 20006K, capacity 20614K, committed 20864K, reserved 1075200K
  class space    used 2663K, capacity 2818K, committed 2944K, reserved 1048576K
Event: 6.105 GC heap after
Heap after GC invocations=23 (full 9):
 PSYoungGen      total 32256K, used 0K [0x00000000fd580000, 0x0000000100000000, 0x0000000100000000)
  eden space 20480K, 0% used [0x00000000fd580000,0x00000000fd580000,0x00000000fe980000)
  from space 11776K, 0% used [0x00000000ff480000,0x00000000ff480000,0x0000000100000000)
  to   space 11264K, 0% used [0x00000000fe980000,0x00000000fe980000,0x00000000ff480000)
 ParOldGen       total 87552K, used 4901K [0x00000000f8000000, 0x00000000fd580000, 0x00000000fd580000)
  object space 87552K, 5% used [0x00000000f8000000,0x00000000f84c9570,0x00000000fd580000)
 Metaspace       used 20006K, capacity 20614K, committed 20864K, reserved 1071104K
  class space    used 2663K, capacity 2818K, committed 2944K, reserved 1048576K
}

