# JRE version: Java(TM) SE Runtime Environment (8.0_171-b11) (build 1.8.0_171-b11)
# Java VM: Java HotSpot(TM) 64-Bit Server VM (25.171-b11 mixed mode windows-amd64 compressed oops)
Heap:
 PSYoungGen      total 38400K, used 1996K [0x00000000fd580000, 0x0000000100000000, 0x0000000100000000)
  eden space 33280K, 6% used [0x00000000fd580000,0x00000000fd7733b8,0x00000000ff600000)
  from space 5120K, 0% used [0x00000000ff600000,0x00000000ff600000,0x00000000ffb00000)
  to   space 5120K, 0% used [0x00000000ffb00000,0x00000000ffb00000,0x0000000100000000)
 ParOldGen       total 87552K, used 1904K [0x00000000f8000000, 0x00000000fd580000, 0x00000000fd580000)
  object space 87552K, 2% used [0x00000000f8000000,0x00000000f81dc328,0x00000000fd580000)
 Metaspace       used 6832K, capacity 6924K, committed 7040K, reserved 1058816K
  class space    used 807K, capacity 847K, committed 896K, reserved 1048576K
GC Heap History (4 events):
Event: 2.497 GC heap before
{Heap before GC invocations=1 (full 0):
 PSYoungGen      total 38400K, used 10895K [0x00000000fd580000, 0x0000000100000000, 0x0000000100000000)
  eden space 33280K, 32% used [0x00000000fd580000,0x00000000fe023e88,0x00000000ff600000)
  from space 5120K, 0% used [0x00000000ffb00000,0x00000000ffb00000,0x0000000100000000)
  to   space 5120K, 0% used [0x00000000ff600000,0x00000000ff600000,0x00000000ffb00000)
 ParOldGen       total 87552K, used 0K [0x00000000f8000000, 0x00000000fd580000, 0x00000000fd580000)
  object space 87552K, 0% used [0x00000000f8000000,0x00000000f8000000,0x00000000fd580000)
 Metaspace       used 6305K, capacity 6338K, committed 6400K, reserved 1056768K
  class space    used 745K, capacity 746K, committed 768K, reserved 1048576K
Event: 2.501 GC heap after
Heap after GC invocations=1 (full 0):
 PSYoungGen      total 38400K, used 2139K [0x00000000fd580000, 0x0000000100000000, 0x0000000100000000)
  eden space 33280K, 0% used [0x00000000fd580000,0x00000000fd580000,0x00000000ff600000)
  from space 5120K, 41% used [0x00000000ff600000,0x00000000ff816e28,0x00000000ffb00000)
  to   space 5120K, 0% used [0x00000000ffb00000,0x00000000ffb00000,0x0000000100000000)
 ParOldGen       total 87552K, used 8K [0x00000000f8000000, 0x00000000fd580000, 0x00000000fd580000)
  object space 87552K, 0% used [0x00000000f8000000,0x00000000f8002000,0x00000000fd580000)
 Metaspace       used 6305K, capacity 6338K, committed 6400K, reserved 1056768K
  class space    used 745K, capacity 746K, committed 768K, reserved 1048576K
}
Event: 2.502 GC heap before
{Heap before GC invocations=2 (full 1):
 PSYoungGen      total 38400K, used 2139K [0x00000000fd580000, 0x0000000100000000, 0x0000000100000000)
  eden space 33280K, 0% used [0x00000000fd580000,0x00000000fd580000,0x00000000ff600000)
  from space 5120K, 41% used [0x00000000ff600000,0x00000000ff816e28,0x00000000ffb00000)
  to   space 5120K, 0% used [0x00000000ffb00000,0x00000000ffb00000,0x0000000100000000)
 ParOldGen       total 87552K, used 8K [0x00000000f8000000, 0x00000000fd580000, 0x00000000fd580000)
  object space 87552K, 0% used [0x00000000f8000000,0x00000000f8002000,0x00000000fd580000)
 Metaspace       used 6305K, capacity 6338K, committed 6400K, reserved 1056768K
  class space    used 745K, capacity 746K, committed 768K, reserved 1048576K
Event: 2.511 GC heap after
Heap after GC invocations=2 (full 1):
 PSYoungGen      total 38400K, used 0K [0x00000000fd580000, 0x0000000100000000, 0x0000000100000000)
  eden space 33280K, 0% used [0x00000000fd580000,0x00000000fd580000,0x00000000ff600000)
  from space 5120K, 0% used [0x00000000ff600000,0x00000000ff600000,0x00000000ffb00000)
  to   space 5120K, 0% used [0x00000000ffb00000,0x00000000ffb00000,0x0000000100000000)
 ParOldGen       total 87552K, used 1904K [0x00000000f8000000, 0x00000000fd580000, 0x00000000fd580000)
  object space 87552K, 2% used [0x00000000f8000000,0x00000000f81dc328,0x00000000fd580000)
 Metaspace       used 6305K, capacity 6338K, committed 6400K, reserved 1056768K
  class space    used 745K, capacity 746K, committed 768K, reserved 1048576K
}

