# JRE version: Java(TM) SE Runtime Environment (8.0_171-b11) (build 1.8.0_171-b11)
# Java VM: Java HotSpot(TM) 64-Bit Server VM (25.171-b11 mixed mode windows-amd64 compressed oops)
Heap:
 PSYoungGen      total 75264K, used 54694K [0x00000000fab00000, 0x0000000100000000, 0x0000000100000000)
  eden space 63488K, 77% used [0x00000000fab00000,0x00000000fdacba20,0x00000000fe900000)
  from space 11776K, 48% used [0x00000000ff480000,0x00000000ffa1e098,0x0000000100000000)
  to   space 11776K, 0% used [0x00000000fe900000,0x00000000fe900000,0x00000000ff480000)
 ParOldGen       total 175104K, used 21181K [0x00000000f0000000, 0x00000000fab00000, 0x00000000fab00000)
  object space 175104K, 12% used [0x00000000f0000000,0x00000000f14af4b8,0x00000000fab00000)
 Metaspace       used 46737K, capacity 49859K, committed 50088K, reserved 1095680K
  class space    used 6458K, capacity 6997K, committed 7080K, reserved 1048576K
GC Heap History (10 events):
Event: 11.775 GC heap before
{Heap before GC invocations=12 (full 2):
 PSYoungGen      total 74240K, used 3158K [0x00000000fab00000, 0x0000000100000000, 0x0000000100000000)
  eden space 62464K, 0% used [0x00000000fab00000,0x00000000fab00000,0x00000000fe800000)
  from space 11776K, 26% used [0x00000000ff480000,0x00000000ff795aa8,0x0000000100000000)
  to   space 12288K, 0% used [0x00000000fe800000,0x00000000fe800000,0x00000000ff400000)
 ParOldGen       total 175104K, used 11801K [0x00000000f0000000, 0x00000000fab00000, 0x00000000fab00000)
  object space 175104K, 6% used [0x00000000f0000000,0x00000000f0b864e8,0x00000000fab00000)
 Metaspace       used 33499K, capacity 35421K, committed 35496K, reserved 1079296K
  class space    used 4602K, capacity 5001K, committed 5032K, reserved 1048576K
Event: 11.883 GC heap after
Heap after GC invocations=12 (full 2):
 PSYoungGen      total 74240K, used 0K [0x00000000fab00000, 0x0000000100000000, 0x0000000100000000)
  eden space 62464K, 0% used [0x00000000fab00000,0x00000000fab00000,0x00000000fe800000)
  from space 11776K, 0% used [0x00000000ff480000,0x00000000ff480000,0x0000000100000000)
  to   space 12288K, 0% used [0x00000000fe800000,0x00000000fe800000,0x00000000ff400000)
 ParOldGen       total 175104K, used 13923K [0x00000000f0000000, 0x00000000fab00000, 0x00000000fab00000)
  object space 175104K, 7% used [0x00000000f0000000,0x00000000f0d98db8,0x00000000fab00000)
 Metaspace       used 33499K, capacity 35421K, committed 35496K, reserved 1079296K
  class space    used 4602K, capacity 5001K, committed 5032K, reserved 1048576K
}
Event: 12.245 GC heap before
{Heap before GC invocations=13 (full 2):
 PSYoungGen      total 74240K, used 62464K [0x00000000fab00000, 0x0000000100000000, 0x0000000100000000)
  eden space 62464K, 100% used [0x00000000fab00000,0x00000000fe800000,0x00000000fe800000)
  from space 11776K, 0% used [0x00000000ff480000,0x00000000ff480000,0x0000000100000000)
  to   space 12288K, 0% used [0x00000000fe800000,0x00000000fe800000,0x00000000ff400000)
 ParOldGen       total 175104K, used 13923K [0x00000000f0000000, 0x00000000fab00000, 0x00000000fab00000)
  object space 175104K, 7% used [0x00000000f0000000,0x00000000f0d98db8,0x00000000fab00000)
 Metaspace       used 34727K, capacity 36667K, committed 36904K, reserved 1081344K
  class space    used 4736K, capacity 5134K, committed 5160K, reserved 1048576K
Event: 12.249 GC heap after
Heap after GC invocations=13 (full 2):
 PSYoungGen      total 74752K, used 4609K [0x00000000fab00000, 0x0000000100000000, 0x0000000100000000)
  eden space 62464K, 0% used [0x00000000fab00000,0x00000000fab00000,0x00000000fe800000)
  from space 12288K, 37% used [0x00000000fe800000,0x00000000fec80558,0x00000000ff400000)
  to   space 12288K, 0% used [0x00000000ff400000,0x00000000ff400000,0x0000000100000000)
 ParOldGen       total 175104K, used 13931K [0x00000000f0000000, 0x00000000fab00000, 0x00000000fab00000)
  object space 175104K, 7% used [0x00000000f0000000,0x00000000f0d9adb8,0x00000000fab00000)
 Metaspace       used 34727K, capacity 36667K, committed 36904K, reserved 1081344K
  class space    used 4736K, capacity 5134K, committed 5160K, reserved 1048576K
}
Event: 12.776 GC heap before
{Heap before GC invocations=14 (full 2):
 PSYoungGen      total 74752K, used 67073K [0x00000000fab00000, 0x0000000100000000, 0x0000000100000000)
  eden space 62464K, 100% used [0x00000000fab00000,0x00000000fe800000,0x00000000fe800000)
  from space 12288K, 37% used [0x00000000fe800000,0x00000000fec80558,0x00000000ff400000)
  to   space 12288K, 0% used [0x00000000ff400000,0x00000000ff400000,0x0000000100000000)
 ParOldGen       total 175104K, used 13931K [0x00000000f0000000, 0x00000000fab00000, 0x00000000fab00000)
  object space 175104K, 7% used [0x00000000f0000000,0x00000000f0d9adb8,0x00000000fab00000)
 Metaspace       used 38104K, capacity 40361K, committed 40488K, reserved 1083392K
  class space    used 5221K, capacity 5661K, committed 5672K, reserved 1048576K
Event: 12.781 GC heap after
Heap after GC invocations=14 (full 2):
 PSYoungGen      total 74752K, used 4244K [0x00000000fab00000, 0x0000000100000000, 0x0000000100000000)
  eden space 62464K, 0% used [0x00000000fab00000,0x00000000fab00000,0x00000000fe800000)
  from space 12288K, 34% used [0x00000000ff400000,0x00000000ff825250,0x0000000100000000)
  to   space 12288K, 0% used [0x00000000fe800000,0x00000000fe800000,0x00000000ff400000)
 ParOldGen       total 175104K, used 17670K [0x00000000f0000000, 0x00000000fab00000, 0x00000000fab00000)
  object space 175104K, 10% used [0x00000000f0000000,0x00000000f1141b38,0x00000000fab00000)
 Metaspace       used 38104K, capacity 40361K, committed 40488K, reserved 1083392K
  class space    used 5221K, capacity 5661K, committed 5672K, reserved 1048576K
}
Event: 16.238 GC heap before
{Heap before GC invocations=15 (full 2):
 PSYoungGen      total 74752K, used 66708K [0x00000000fab00000, 0x0000000100000000, 0x0000000100000000)
  eden space 62464K, 100% used [0x00000000fab00000,0x00000000fe800000,0x00000000fe800000)
  from space 12288K, 34% used [0x00000000ff400000,0x00000000ff825250,0x0000000100000000)
  to   space 12288K, 0% used [0x00000000fe800000,0x00000000fe800000,0x00000000ff400000)
 ParOldGen       total 175104K, used 17670K [0x00000000f0000000, 0x00000000fab00000, 0x00000000fab00000)
  object space 175104K, 10% used [0x00000000f0000000,0x00000000f1141b38,0x00000000fab00000)
 Metaspace       used 40472K, capacity 42985K, committed 43304K, reserved 1087488K
  class space    used 5616K, capacity 6087K, committed 6184K, reserved 1048576K
Event: 16.243 GC heap after
Heap after GC invocations=15 (full 2):
 PSYoungGen      total 74752K, used 4315K [0x00000000fab00000, 0x0000000100000000, 0x0000000100000000)
  eden space 62464K, 0% used [0x00000000fab00000,0x00000000fab00000,0x00000000fe800000)
  from space 12288K, 35% used [0x00000000fe800000,0x00000000fec36ff8,0x00000000ff400000)
  to   space 11776K, 0% used [0x00000000ff480000,0x00000000ff480000,0x0000000100000000)
 ParOldGen       total 175104K, used 19037K [0x00000000f0000000, 0x00000000fab00000, 0x00000000fab00000)
  object space 175104K, 10% used [0x00000000f0000000,0x00000000f12974d8,0x00000000fab00000)
 Metaspace       used 40472K, capacity 42985K, committed 43304K, reserved 1087488K
  class space    used 5616K, capacity 6087K, committed 6184K, reserved 1048576K
}
Event: 18.107 GC heap before
{Heap before GC invocations=16 (full 2):
 PSYoungGen      total 74752K, used 66779K [0x00000000fab00000, 0x0000000100000000, 0x0000000100000000)
  eden space 62464K, 100% used [0x00000000fab00000,0x00000000fe800000,0x00000000fe800000)
  from space 12288K, 35% used [0x00000000fe800000,0x00000000fec36ff8,0x00000000ff400000)
  to   space 11776K, 0% used [0x00000000ff480000,0x00000000ff480000,0x0000000100000000)
 ParOldGen       total 175104K, used 19037K [0x00000000f0000000, 0x00000000fab00000, 0x00000000fab00000)
  object space 175104K, 10% used [0x00000000f0000000,0x00000000f12974d8,0x00000000fab00000)
 Metaspace       used 44516K, capacity 47249K, committed 47400K, reserved 1089536K
  class space    used 6131K, capacity 6624K, committed 6696K, reserved 1048576K
Event: 18.113 GC heap after
Heap after GC invocations=16 (full 2):
 PSYoungGen      total 75264K, used 5752K [0x00000000fab00000, 0x0000000100000000, 0x0000000100000000)
  eden space 63488K, 0% used [0x00000000fab00000,0x00000000fab00000,0x00000000fe900000)
  from space 11776K, 48% used [0x00000000ff480000,0x00000000ffa1e098,0x0000000100000000)
  to   space 11776K, 0% used [0x00000000fe900000,0x00000000fe900000,0x00000000ff480000)
 ParOldGen       total 175104K, used 21181K [0x00000000f0000000, 0x00000000fab00000, 0x00000000fab00000)
  object space 175104K, 12% used [0x00000000f0000000,0x00000000f14af4b8,0x00000000fab00000)
 Metaspace       used 44516K, capacity 47249K, committed 47400K, reserved 1089536K
  class space    used 6131K, capacity 6624K, committed 6696K, reserved 1048576K
}

