# JRE version: Java(TM) SE Runtime Environment (8.0_171-b11) (build 1.8.0_171-b11)
# Java VM: Java HotSpot(TM) 64-Bit Server VM (25.171-b11 mixed mode windows-amd64 compressed oops)
Heap:
 PSYoungGen      total 74752K, used 14736K [0x00000000fab00000, 0x0000000100000000, 0x0000000100000000)
  eden space 62464K, 14% used [0x00000000fab00000,0x00000000fb4102e8,0x00000000fe800000)
  from space 12288K, 44% used [0x00000000fe800000,0x00000000fed540a0,0x00000000ff400000)
  to   space 12288K, 0% used [0x00000000ff400000,0x00000000ff400000,0x0000000100000000)
 ParOldGen       total 175104K, used 12359K [0x00000000f0000000, 0x00000000fab00000, 0x00000000fab00000)
  object space 175104K, 7% used [0x00000000f0000000,0x00000000f0c11f78,0x00000000fab00000)
 Metaspace       used 34454K, capacity 36360K, committed 36608K, reserved 1081344K
  class space    used 4703K, capacity 5041K, committed 5120K, reserved 1048576K
GC Heap History (10 events):
Event: 11.723 GC heap before
{Heap before GC invocations=7 (full 1):
 PSYoungGen      total 71680K, used 71374K [0x00000000fab00000, 0x0000000100000000, 0x0000000100000000)
  eden space 65536K, 100% used [0x00000000fab00000,0x00000000feb00000,0x00000000feb00000)
  from space 6144K, 95% used [0x00000000feb00000,0x00000000ff0b3ba0,0x00000000ff100000)
  to   space 12288K, 0% used [0x00000000ff400000,0x00000000ff400000,0x0000000100000000)
 ParOldGen       total 175104K, used 9981K [0x00000000f0000000, 0x00000000fab00000, 0x00000000fab00000)
  object space 175104K, 5% used [0x00000000f0000000,0x00000000f09bf6a0,0x00000000fab00000)
 Metaspace       used 27018K, capacity 28246K, committed 28288K, reserved 1073152K
  class space    used 3666K, capacity 3945K, committed 3968K, reserved 1048576K
Event: 11.727 GC heap after
Heap after GC invocations=7 (full 1):
 PSYoungGen      total 74752K, used 6295K [0x00000000fab00000, 0x0000000100000000, 0x0000000100000000)
  eden space 62464K, 0% used [0x00000000fab00000,0x00000000fab00000,0x00000000fe800000)
  from space 12288K, 51% used [0x00000000ff400000,0x00000000ffa25e08,0x0000000100000000)
  to   space 12288K, 0% used [0x00000000fe800000,0x00000000fe800000,0x00000000ff400000)
 ParOldGen       total 175104K, used 9989K [0x00000000f0000000, 0x00000000fab00000, 0x00000000fab00000)
  object space 175104K, 5% used [0x00000000f0000000,0x00000000f09c16a0,0x00000000fab00000)
 Metaspace       used 27018K, capacity 28246K, committed 28288K, reserved 1073152K
  class space    used 3666K, capacity 3945K, committed 3968K, reserved 1048576K
}
Event: 12.084 GC heap before
{Heap before GC invocations=8 (full 1):
 PSYoungGen      total 74752K, used 68759K [0x00000000fab00000, 0x0000000100000000, 0x0000000100000000)
  eden space 62464K, 100% used [0x00000000fab00000,0x00000000fe800000,0x00000000fe800000)
  from space 12288K, 51% used [0x00000000ff400000,0x00000000ffa25e08,0x0000000100000000)
  to   space 12288K, 0% used [0x00000000fe800000,0x00000000fe800000,0x00000000ff400000)
 ParOldGen       total 175104K, used 9989K [0x00000000f0000000, 0x00000000fab00000, 0x00000000fab00000)
  object space 175104K, 5% used [0x00000000f0000000,0x00000000f09c16a0,0x00000000fab00000)
 Metaspace       used 29286K, capacity 30682K, committed 30720K, reserved 1075200K
  class space    used 4031K, capacity 4337K, committed 4352K, reserved 1048576K
Event: 12.090 GC heap after
Heap after GC invocations=8 (full 1):
 PSYoungGen      total 74752K, used 8974K [0x00000000fab00000, 0x0000000100000000, 0x0000000100000000)
  eden space 62464K, 0% used [0x00000000fab00000,0x00000000fab00000,0x00000000fe800000)
  from space 12288K, 73% used [0x00000000fe800000,0x00000000ff0c38a8,0x00000000ff400000)
  to   space 12288K, 0% used [0x00000000ff400000,0x00000000ff400000,0x0000000100000000)
 ParOldGen       total 175104K, used 9997K [0x00000000f0000000, 0x00000000fab00000, 0x00000000fab00000)
  object space 175104K, 5% used [0x00000000f0000000,0x00000000f09c36a0,0x00000000fab00000)
 Metaspace       used 29286K, capacity 30682K, committed 30720K, reserved 1075200K
  class space    used 4031K, capacity 4337K, committed 4352K, reserved 1048576K
}
Event: 12.226 GC heap before
{Heap before GC invocations=9 (full 1):
 PSYoungGen      total 74752K, used 23411K [0x00000000fab00000, 0x0000000100000000, 0x0000000100000000)
  eden space 62464K, 23% used [0x00000000fab00000,0x00000000fb919590,0x00000000fe800000)
  from space 12288K, 73% used [0x00000000fe800000,0x00000000ff0c38a8,0x00000000ff400000)
  to   space 12288K, 0% used [0x00000000ff400000,0x00000000ff400000,0x0000000100000000)
 ParOldGen       total 175104K, used 9997K [0x00000000f0000000, 0x00000000fab00000, 0x00000000fab00000)
  object space 175104K, 5% used [0x00000000f0000000,0x00000000f09c36a0,0x00000000fab00000)
 Metaspace       used 29649K, capacity 31014K, committed 31104K, reserved 1079296K
  class space    used 4099K, capacity 4403K, committed 4480K, reserved 1048576K
Event: 12.230 GC heap after
Heap after GC invocations=9 (full 1):
 PSYoungGen      total 74752K, used 5265K [0x00000000fab00000, 0x0000000100000000, 0x0000000100000000)
  eden space 62464K, 0% used [0x00000000fab00000,0x00000000fab00000,0x00000000fe800000)
  from space 12288K, 42% used [0x00000000ff400000,0x00000000ff924678,0x0000000100000000)
  to   space 12288K, 0% used [0x00000000fe800000,0x00000000fe800000,0x00000000ff400000)
 ParOldGen       total 175104K, used 11698K [0x00000000f0000000, 0x00000000fab00000, 0x00000000fab00000)
  object space 175104K, 6% used [0x00000000f0000000,0x00000000f0b6ca88,0x00000000fab00000)
 Metaspace       used 29649K, capacity 31014K, committed 31104K, reserved 1079296K
  class space    used 4099K, capacity 4403K, committed 4480K, reserved 1048576K
}
Event: 12.230 GC heap before
{Heap before GC invocations=10 (full 2):
 PSYoungGen      total 74752K, used 5265K [0x00000000fab00000, 0x0000000100000000, 0x0000000100000000)
  eden space 62464K, 0% used [0x00000000fab00000,0x00000000fab00000,0x00000000fe800000)
  from space 12288K, 42% used [0x00000000ff400000,0x00000000ff924678,0x0000000100000000)
  to   space 12288K, 0% used [0x00000000fe800000,0x00000000fe800000,0x00000000ff400000)
 ParOldGen       total 175104K, used 11698K [0x00000000f0000000, 0x00000000fab00000, 0x00000000fab00000)
  object space 175104K, 6% used [0x00000000f0000000,0x00000000f0b6ca88,0x00000000fab00000)
 Metaspace       used 29649K, capacity 31014K, committed 31104K, reserved 1079296K
  class space    used 4099K, capacity 4403K, committed 4480K, reserved 1048576K
Event: 12.269 GC heap after
Heap after GC invocations=10 (full 2):
 PSYoungGen      total 74752K, used 0K [0x00000000fab00000, 0x0000000100000000, 0x0000000100000000)
  eden space 62464K, 0% used [0x00000000fab00000,0x00000000fab00000,0x00000000fe800000)
  from space 12288K, 0% used [0x00000000ff400000,0x00000000ff400000,0x0000000100000000)
  to   space 12288K, 0% used [0x00000000fe800000,0x00000000fe800000,0x00000000ff400000)
 ParOldGen       total 175104K, used 12351K [0x00000000f0000000, 0x00000000fab00000, 0x00000000fab00000)
  object space 175104K, 7% used [0x00000000f0000000,0x00000000f0c0ff78,0x00000000fab00000)
 Metaspace       used 29649K, capacity 31014K, committed 31104K, reserved 1077248K
  class space    used 4099K, capacity 4403K, committed 4480K, reserved 1048576K
}
Event: 12.677 GC heap before
{Heap before GC invocations=11 (full 2):
 PSYoungGen      total 74752K, used 62464K [0x00000000fab00000, 0x0000000100000000, 0x0000000100000000)
  eden space 62464K, 100% used [0x00000000fab00000,0x00000000fe800000,0x00000000fe800000)
  from space 12288K, 0% used [0x00000000ff400000,0x00000000ff400000,0x0000000100000000)
  to   space 12288K, 0% used [0x00000000fe800000,0x00000000fe800000,0x00000000ff400000)
 ParOldGen       total 175104K, used 12351K [0x00000000f0000000, 0x00000000fab00000, 0x00000000fab00000)
  object space 175104K, 7% used [0x00000000f0000000,0x00000000f0c0ff78,0x00000000fab00000)
 Metaspace       used 33366K, capacity 35286K, committed 35456K, reserved 1079296K
  class space    used 4586K, capacity 4942K, committed 4992K, reserved 1048576K
Event: 12.682 GC heap after
Heap after GC invocations=11 (full 2):
 PSYoungGen      total 74752K, used 5456K [0x00000000fab00000, 0x0000000100000000, 0x0000000100000000)
  eden space 62464K, 0% used [0x00000000fab00000,0x00000000fab00000,0x00000000fe800000)
  from space 12288K, 44% used [0x00000000fe800000,0x00000000fed540a0,0x00000000ff400000)
  to   space 12288K, 0% used [0x00000000ff400000,0x00000000ff400000,0x0000000100000000)
 ParOldGen       total 175104K, used 12359K [0x00000000f0000000, 0x00000000fab00000, 0x00000000fab00000)
  object space 175104K, 7% used [0x00000000f0000000,0x00000000f0c11f78,0x00000000fab00000)
 Metaspace       used 33366K, capacity 35286K, committed 35456K, reserved 1079296K
  class space    used 4586K, capacity 4942K, committed 4992K, reserved 1048576K
}

